<?xml version="1.0" encoding="UTF-8"?>
<!-- Generated by org.testng.reporters.JUnitXMLReporter -->
<testsuite ignored="11" hostname="LAPTOP-29S73MT5" failures="0" tests="1" name="Default test" time="0.053" errors="0" timestamp="2021-02-14T20:28:15 IST">
  <testcase classname="collections.HashMapPrograms" name="collectionsView" time="0.009"/>
  <testcase classname="collections.HashMapPrograms" name="copy" time="0.0">
    <ignored/>
  </testcase> <!-- copy -->
  <testcase classname="collections.HashMapPrograms" name="valueSpecificKey" time="0.0">
    <ignored/>
  </testcase> <!-- valueSpecificKey -->
  <testcase classname="collections.HashMapPrograms" name="HashMapSetVal" time="0.0">
    <ignored/>
  </testcase> <!-- HashMapSetVal -->
  <testcase classname="collections.HashMapPrograms" name="remove" time="0.0">
    <ignored/>
  </testcase> <!-- remove -->
  <testcase classname="collections.HashMapPrograms" name="countMappings" time="0.0">
    <ignored/>
  </testcase> <!-- countMappings -->
  <testcase classname="collections.HashMapPrograms" name="value" time="0.0">
    <ignored/>
  </testcase> <!-- value -->
  <testcase classname="collections.HashMapPrograms" name="setView" time="0.0">
    <ignored/>
  </testcase> <!-- setView -->
  <testcase classname="collections.HashMapPrograms" name="sub" time="0.0">
    <ignored/>
  </testcase> <!-- sub -->
  <testcase classname="collections.HashMapPrograms" name="getKey" time="0.0">
    <ignored/>
  </testcase> <!-- getKey -->
  <testcase classname="collections.HashMapPrograms" name="copyMap" time="0.0">
    <ignored/>
  </testcase> <!-- copyMap -->
  <testcase classname="collections.HashMapPrograms" name="isEmpty" time="0.0">
    <ignored/>
  </testcase> <!-- isEmpty -->
</testsuite> <!-- Default test -->
