<?xml version="1.0" encoding="UTF-8"?>
<testng-results ignored="11" total="12" passed="1" failed="0" skipped="0">
  <reporter-output>
  </reporter-output>
  <suite started-at="2021-02-12T20:59:15 IST" name="Default suite" finished-at="2021-02-12T20:59:15 IST" duration-ms="40">
    <groups>
    </groups>
    <test started-at="2021-02-12T20:59:15 IST" name="Default test" finished-at="2021-02-12T20:59:15 IST" duration-ms="40">
      <class name="collections.Program1">
        <test-method signature="substring()[pri:0, instance:collections.Program1@3943a2be]" started-at="2021-02-12T20:59:15 IST" name="substring" finished-at="2021-02-12T20:59:15 IST" duration-ms="6" status="PASS">
          <reporter-output>
          </reporter-output>
        </test-method> <!-- substring -->
      </class> <!-- collections.Program1 -->
    </test> <!-- Default test -->
  </suite> <!-- Default suite -->
</testng-results>
