<?xml version="1.0" encoding="UTF-8"?>
<testng-results ignored="11" total="12" passed="1" failed="0" skipped="0">
  <reporter-output>
  </reporter-output>
  <suite started-at="2021-02-14T20:28:15 IST" name="Default suite" finished-at="2021-02-14T20:28:15 IST" duration-ms="53">
    <groups>
    </groups>
    <test started-at="2021-02-14T20:28:15 IST" name="Default test" finished-at="2021-02-14T20:28:15 IST" duration-ms="53">
      <class name="collections.HashMapPrograms">
        <test-method signature="collectionsView()[pri:0, instance:collections.HashMapPrograms@28975c28]" started-at="2021-02-14T20:28:15 IST" name="collectionsView" finished-at="2021-02-14T20:28:15 IST" duration-ms="9" status="PASS">
          <reporter-output>
          </reporter-output>
        </test-method> <!-- collectionsView -->
      </class> <!-- collections.HashMapPrograms -->
    </test> <!-- Default test -->
  </suite> <!-- Default suite -->
</testng-results>
